-------------
Duky
Amity
Elena
Lynn
Valentijn
-------------
Alina|Adanez
Alvis|Ratledge
Ania|Knottley
Anthe|Ritter
Aretha|Cosgrive
Ariella|Birt
Avrom|Veeler
Babbette|Timberlake
Barbi|Haston
Basia|Lytlle
Bax|Aldrin
Berne|Dougal
Beverlee|Phare
Byrann|Darmody
Calv|Naerup
Carena|Nibley
Carlos|Lupton
Chelsy|Everex
Cinderella|Guilder
Corbet|Niess
Cornie|Knowlton
Cristina|King
Demetria|Venner
Denis|Caplen
Denis|Knight
Deny|Chattock
Eal|Swoffer
Elga|Iacovielli
Emmalynn|Leven
Emmery|Edgeley
Eric|M'cowis
Eveline|Skeermor
Eward|Eason
Fayre|Mayte
Filbert|Josovitz
Flori|Jirasek
Frankie|Wewell
Gabi|Wilber
Goober|Reding
Grenville|Instone
Hank|Keenan
Hayward|Autrie
Howey|Bantock
Huey|Worner
Husain|Booth
Ian|Bretherick
Ilyse|Symper
Inglis|Pedron
Irvin|Ilyenko
Irving|Feveryear
Isador|Guitton
Ivett|Aristide
Jabez|Servante
Jason|Teanby
Jeffry|Christopherson
Jennica|Totman
Jill|Domenico
Judith|Crucetti
Juliann|Taft
Julienne|Wearne
Justino|Shearmur
Karina|Habert
Katlin|Griffey
Kerstin|Tolefree
Kizzie|Hawkin
Konstantin|Birds
Krissy|Urrey
Krystle|Varah
Lambert|Snelle
Larina|Coate
Law|Hurt
Linea|Beesey
Linn|Brodley
Livvie|Dible
Margareta|Hammerstone
Mariquilla|Gwyllt
Markus|Klesel
Marylinda|Girdlestone
Mateo|Davioud
Maurise|Crick
Meir|Brake
Mildrid|Podd
Mohandas|Lage
Noella|O'Hickee
Olvan|Ducker
Osborne|Easson
Oswald|Rathbourne
Oswell|Ruckert
Paddie|Goucher
Paddy|Abrehart
Pattie|Skoyles
Philippa|Canfield
Pierette|Lyston
Raf|Gowrich
Renee|Brobyn
Richmond|Laste
Robinet|Culross
Royal|Cass
Rubin|Treppas
Sarine|Ghion
Sasha|Stickley
Shandra|Beadon
Sheffield|Tullis
Silvain|Jinkin
Sorcha|Casewell
Tabor|Illesley
Tally|Cobbald
Tamarah|Rockhill
Tatiana|Leaf
Thedric|Stagge
Tymothy|Demetr
Vicky|Matitiaho
Virgilio|Guly
Walsh|Ricarde
Waylin|Assel
Wittie|Lemon
Wolfy|Courson
Zach|Renner
Zared|Towers
Zulema|Cringle
-------------
Anne-marie|O'Flannery
Annora|Wegenen
Aryn|Truckett
Avis|Castenda
Babbette|Timberlake
Brena|MacNockater
Brita|Kiff
Carmela|Sonley
Carmencita|Kohen
Caroljean|Hector
Caryl|Dunbavin
Charmain|Ilbert
Chiarra|Larkings
Chiquia|Whiten
Claudette|Poor
Clemmie|Safell
Corri|Klement
Danielle|Lucken
Daria|Hamsher
Deeann|Schriren
Delilah|Cockshot
Demetris|Makepeace
Elga|Iacovielli
Elsey|Hollyman
Felipa|McCraine
Ferdinande|Huffa
Florentia|Priditt
Georgianne|Thrasher
Geraldine|Martins
Gray|Flores
Gretel|Wethered
Gwendolyn|Ramalhete
Hadria|Dripps
Hazel|Gotmann
Hedvig|Edelmann
Hedvige|Reubbens
Helen-elizabeth|Goff
Jaimie|Revance
Janina|Lansdowne
Jennica|Slader
Jennica|Totman
Jo-ann|Grieve
Karalynn|Boniface
Karin|Cowling
Karla|Muddimer
Karoline|Allmann
Katey|Manilove
Kathrine|Wanne
Kaycee|Causey
Keelia|Cawcutt
Kendre|Dewan
Kim|Murton
Kizzie|Hawkin
Krissy|Urrey
Kristien|Broschek
Larina|Coate
Lena|Tyndall
Linet|Jacquemy
Linette|Amis
Lise|Venner
Lizbeth|Van der Baaren
Lois|Muggleston
Lorelei|Twinterman
Lurleen|Fosberry
Lyndsay|Kieran
Marlena|Hearnshaw
Martynne|Staynes
Mercy|Olesen
Midge|MacFaell
Mikaela|Chown
Milicent|Joselevitz
Nicolle|Vosse
Persis|Tiddeman
Philippa|Canfield
Robena|Micallef
Rozina|Lindblad
Sophi|McTrustrie
Sunny|McAllister
Suzanne|Peers
Talyah|Trubshawe
Tamarah|Rockhill
Tawsha|Alberts
Tracey|Leydon
Trista|Goadbie
Trudie|Haucke
-------------
Corbet|Niess
Noella|O'Hickee
Vicky|Matitiaho
Jill|Domenico
Irving|Feveryear
Cinderella|Guilder
Meir|Brake
Mariquilla|Gwyllt
Krystle|Varah
Philippa|Canfield
Irvin|Ilyenko
Kizzie|Hawkin
Eveline|Skeermor
Ania|Knottley
Jennica|Totman
Tatiana|Leaf
-------------
Josephine
-------------
is.gd
msn.com
amazon.com
dyndns.org
-------------
8
changes: 0   total_changes: 0
6
changes: 0   total_changes: 0
changes: 8   total_changes: 8
0
changes: 8   total_changes: 8
14
changes: 8   total_changes: 8
-------------
32
84
83
71
24
81
64
44
105
38
100
30
108
58
59
57
36
68
102
78
104
91
26
86
90
47
65
94
40
39
85
110
changes: 8   total_changes: 8
changes: 43   total_changes: 51
18
changes: 43   total_changes: 51
-------------
changes: 10   total_changes: 61
-------------
changes: 1   total_changes: 62
-------------
